Arguments: 
  /usr/local/bin/node /usr/local/Cellar/yarn/1.5.1_1/libexec/bin/yarn.js lint

PATH: 
  /Users/sthorpe/.rvm/gems/ruby-2.0.0-p353/bin:/Users/sthorpe/.rvm/gems/ruby-2.0.0-p353@global/bin:/Users/sthorpe/.rvm/rubies/ruby-2.0.0-p353/bin:/Users/sthorpe/.rvm/bin:/Library/Frameworks/Python.framework/Versions/3.6/bin:/Users/sthorpe/.cargo/bin:/Library/Frameworks/Python.framework/Versions/3.4/bin:/Library/Frameworks/Python.framework/Versions/3.5/bin:/usr/local/bin:/usr/bin:/bin:/usr/sbin:/sbin:/usr/local/go/bin:/opt/X11/bin:/Library/Frameworks/Mono.framework/Versions/Current/Commands:/Users/sthorpe/.rvm/gems/ruby-2.0.0-p353/bin:/Users/sthorpe/.rvm/gems/ruby-2.0.0-p353@global/bin:/Users/sthorpe/.rvm/rubies/ruby-2.0.0-p353/bin:/Users/sthorpe/.rvm/bin:/usr/local/bin:/usr/bin:/bin:/usr/sbin:/sbin:/opt/X11/bin:/Users/sthorpe/.rvm/bin

Yarn version: 
  1.5.1

Node version: 
  9.8.0

Platform: 
  darwin x64

npm manifest: 
  {
    "name": "redux-minimal",
    "version": "1.0.0",
    "description": "Start building complex react-redux apps today, with this minimalist easy to understand starter kit (boilerplate)",
    "keywords": [
      "react",
      "redux",
      "minimal",
      "starter kit",
      "boilerplate"
    ],
    "main": "index.js",
    "homepage": "http://redux-minimal.js.org/",
    "repository": {
      "type": "git",
      "url": "https://github.com/catalin-luntraru/redux-minimal"
    },
    "scripts": {
      "lint": "eslint .",
      "start": "webpack-dev-server --compress --inline --hot --history-api-fallback --host 192.168.1.25 --port 8080",
      "build-dev": "webpack --config webpack.dev.config.js",
      "build-prod": "webpack -p --config webpack.prod.config.js",
      "test": "jest --config=jestconfig.json",
      "test-watch": "npm test -- --watch",
      "build": "webpack"
    },
    "babel": {
      "presets": [
        "env",
        "es2015",
        "react",
        "stage-3"
      ]
    },
    "author": "Catalin Luntraru",
    "license": "MIT",
    "dependencies": {
      "jquery": "3.3.1",
      "localforage": "1.5.7",
      "prop-types": "15.5.8",
      "react": "15.4.2",
      "react-bootstrap": "0.30.7",
      "react-burger-menu": "^2.3.0",
      "react-dom": "15.4.2",
      "react-redux": "5.0.2",
      "react-router": "3.0.1",
      "react-router-bootstrap": "0.23.3",
      "react-router-dom": "^4.2.2",
      "react-router-redux": "4.0.7",
      "react-sidebar": "2.3.0",
      "react-slick": "0.16.0",
      "react-textarea-autosize": "4.0.5",
      "redux": "3.6.0",
      "redux-form": "6.4.3",
      "redux-saga": "0.16.0",
      "slick-carousel": "1.8.1"
    },
    "devDependencies": {
      "babel-core": "6.26.0",
      "babel-jest": "^22.4.1",
      "babel-loader": "^7.1.2",
      "babel-polyfill": "6.20.0",
      "babel-preset-env": "^1.6.1",
      "babel-preset-es2015": "6.18.0",
      "babel-preset-react": "6.16.0",
      "babel-preset-stage-3": "6.17.0",
      "babel-runtime": "6.20.0",
      "chai": "3.5.0",
      "clean-webpack-plugin": "0.1.15",
      "compression-webpack-plugin": "^1.1.3",
      "css-loader": "^0.26.1",
      "enzyme": "2.7.0",
      "eslint": "3.19.0",
      "eslint-config-prettier": "^2.9.0",
      "eslint-plugin-import": "^2.8.0",
      "eslint-plugin-jsx-a11y": "4.0.0",
      "eslint-plugin-prettier": "^2.6.0",
      "eslint-plugin-react": "6.10.3",
      "extract-text-webpack-plugin": "^3.0.2",
      "file-loader": "0.11.1",
      "html-webpack-plugin": "^2.30.1",
      "ignore-styles": "5.0.1",
      "jest": "^22.4.2",
      "node-sass": "4.3.0",
      "optimize-css-assets-webpack-plugin": "^3.2.0",
      "prettier": "1.11.1",
      "react-addons-test-utils": "15.4.2",
      "react-hot-loader": "1.3.1",
      "redux-freeze": "0.1.5",
      "regenerator-runtime": "^0.11.1",
      "sass-loader": "^6.0.6",
      "sinon": "2.3.2",
      "style-loader": "0.13.1",
      "uglifyjs-webpack-plugin": "^1.1.6",
      "url-loader": "0.5.8",
      "webpack": "^3.11.0",
      "webpack-bundle-analyzer": "^2.9.2",
      "webpack-cli": "^2.0.9",
      "webpack-dev-server": "2.11.1",
      "whatwg-fetch": "2.0.1"
    }
  }

yarn manifest: 
  No manifest

Lockfile: 
  No lockfile

Trace: 
  Error: Command failed.
  Exit code: 1
  Command: sh
  Arguments: -c eslint .
  Directory: /Users/sthorpe/Desktop/ct-blog
  Output:
  
      at ProcessTermError.MessageError (/usr/local/Cellar/yarn/1.5.1_1/libexec/lib/cli.js:186:110)
      at new ProcessTermError (/usr/local/Cellar/yarn/1.5.1_1/libexec/lib/cli.js:226:113)
      at ChildProcess.<anonymous> (/usr/local/Cellar/yarn/1.5.1_1/libexec/lib/cli.js:30281:17)
      at ChildProcess.emit (events.js:180:13)
      at maybeClose (internal/child_process.js:936:16)
      at Process.ChildProcess._handle.onexit (internal/child_process.js:220:5)
